<?xml version="1.0" encoding="UTF-8"?>
<!-- Generated by org.testng.reporters.JUnitReportReporter -->
<testsuite skipped="0" hostname="macbooks-MacBook-Pro.local" name="appium_core.tests.SwipeVertical" tests="1" failures="0" timestamp="08 Oct 2019 16:05:28 GMT" time="5.340" errors="0">
  <testcase name="verticalSwipe" time="5.340" classname="appium_core.tests.SwipeVertical"/>
</testsuite> <!-- appium_core.tests.SwipeVertical -->
